<?xml version="1.0" encoding="UTF-8"?>
<testng-results ignored="0" total="1" passed="1" failed="0" skipped="0">
  <reporter-output>
  </reporter-output>
  <suite started-at="2018-12-02T18:04:10Z" name="Default suite" finished-at="2018-12-02T18:04:10Z" duration-ms="55">
    <groups>
    </groups>
    <test started-at="2018-12-02T18:04:10Z" name="Default test" finished-at="2018-12-02T18:04:10Z" duration-ms="55">
      <class name="com.Maven.MavenTest">
        <test-method signature="hello()[pri:0, instance:com.Maven.MavenTest@66d18979]" started-at="2018-12-02T18:04:10Z" name="hello" finished-at="2018-12-02T18:04:10Z" duration-ms="11" status="PASS">
          <reporter-output>
          </reporter-output>
        </test-method> <!-- hello -->
      </class> <!-- com.Maven.MavenTest -->
    </test> <!-- Default test -->
  </suite> <!-- Default suite -->
</testng-results>
